[01m[K/home/loren.lyttle/tests/catkin_ws/src/add_pallet/src/pallet_library.cpp:[m[K In member function â€˜[01m[Kvoid PalletLibraryNode::load_pallet(std::__cxx11::string)[m[Kâ€™:
[01m[K/home/loren.lyttle/tests/catkin_ws/src/add_pallet/src/pallet_library.cpp:127:5:[m[K [01;31m[Kerror: [m[Kexpected â€˜[01m[K;[m[Kâ€™ before â€˜[01m[K}[m[Kâ€™ token
     [01;31m[K}[m[K
     [01;31m[K^[m[K
[01m[K/home/loren.lyttle/tests/catkin_ws/src/add_pallet/src/pallet_library.cpp:[m[K In member function â€˜[01m[Kvoid PalletLibraryNode::dynamic_callback(add_pallet::dynamic_paramsConfig&, uint32_t)[m[Kâ€™:
[01m[K/home/loren.lyttle/tests/catkin_ws/src/add_pallet/src/pallet_library.cpp:147:9:[m[K [01;31m[Kerror: [m[Kâ€˜[01m[Kloaded_pallets[m[Kâ€™ was not declared in this scope
     if ([01;31m[Kloaded_pallets[m[K.contains(config.AA_dynamic_type_param)) {
         [01;31m[K^~~~~~~~~~~~~~[m[K
[01m[K/home/loren.lyttle/tests/catkin_ws/src/add_pallet/src/pallet_library.cpp:147:9:[m[K [01;36m[Knote: [m[Ksuggested alternative: â€˜[01m[Km_loaded_pallets[m[Kâ€™
     if ([01;36m[Kloaded_pallets[m[K.contains(config.AA_dynamic_type_param)) {
         [01;36m[K^~~~~~~~~~~~~~[m[K
         [32m[Km_loaded_pallets[m[K
make[2]: *** [CMakeFiles/add_pallet.dir/src/pallet_library.cpp.o] Error 1
make[1]: *** [CMakeFiles/add_pallet.dir/all] Error 2
make: *** [all] Error 2
