[01m[K/home/loren.lyttle/tests/catkin_ws/src/add_pallet/src/pallet_library.cpp:[m[K In function â€˜[01m[Kvoid dynamic_callback(add_pallet::dynamic_paramsConfig&, uint32_t, ros::NodeHandle)[m[Kâ€™:
[01m[K/home/loren.lyttle/tests/catkin_ws/src/add_pallet/src/pallet_library.cpp:42:121:[m[K [01;31m[Kerror: [m[Krequest for member â€˜[01m[Kc_str[m[Kâ€™ in â€˜[01m[K("rosparam dump /home/loren.lyttle/tests/catkin_ws/src/add_pallet/cfg/dynamic_params.yaml /pallet_library/")[m[Kâ€™, which is of non-class type â€˜[01m[Kconst char [105][m[Kâ€™
     system(("rosparam dump /home/loren.lyttle/tests/catkin_ws/src/add_pallet/cfg/dynamic_params.yaml /pallet_library/").[01;31m[Kc_str[m[K());
                                                                                                                         [01;31m[K^~~~~[m[K
[01m[K/home/loren.lyttle/tests/catkin_ws/src/add_pallet/src/pallet_library.cpp:41:11:[m[K [01;35m[Kwarning: [m[Kignoring return value of â€˜[01m[Kint system(const char*)[m[Kâ€™, declared with attribute warn_unused_result [[01;35m[K-Wunused-result[m[K]
     [01;35m[Ksystem("echo 'ROS Params dumped at : ' $(pwd)")[m[K;
     [01;35m[K~~~~~~^~~~~~~~~~~~~~~~~~~~~~~~~~~~~~~~~~~~~~~~~[m[K
make[2]: *** [CMakeFiles/pallet_library.dir/src/pallet_library.cpp.o] Error 1
make[1]: *** [CMakeFiles/pallet_library.dir/all] Error 2
make: *** [all] Error 2
