[01m[K/home/loren.lyttle/tests/catkin_ws/src/add_pallet/src/pallet_library.cpp:[m[K In function â€˜[01m[Kvoid dynamic_callback(add_pallet::dynamic_paramsConfig&, uint32_t)[m[Kâ€™:
[01m[K/home/loren.lyttle/tests/catkin_ws/src/add_pallet/src/pallet_library.cpp:28:5:[m[K [01;31m[Kerror: [m[Kâ€˜[01m[Ksysterm_return[m[Kâ€™ was not declared in this scope
     [01;31m[Ksysterm_return[m[K = system("echo 'ROS Params dumped at : ' $(pwd); rosparam dump dynamic_params.yaml /pallet_library_node/")
     [01;31m[K^~~~~~~~~~~~~~[m[K
[01m[K/home/loren.lyttle/tests/catkin_ws/src/add_pallet/src/pallet_library.cpp:28:5:[m[K [01;36m[Knote: [m[Ksuggested alternative: â€˜[01m[Ksystem_return[m[Kâ€™
     [01;36m[Ksysterm_return[m[K = system("echo 'ROS Params dumped at : ' $(pwd); rosparam dump dynamic_params.yaml /pallet_library_node/")
     [01;36m[K^~~~~~~~~~~~~~[m[K
     [32m[Ksystem_return[m[K
make[2]: *** [CMakeFiles/pallet_library.dir/src/pallet_library.cpp.o] Error 1
make[1]: *** [CMakeFiles/pallet_library.dir/all] Error 2
make: *** [all] Error 2
