[01m[K/home/loren.lyttle/tests/catkin_ws/src/add_pallet/src/remote_add.cpp:[m[K In function â€˜[01m[Kvoid SetParams(std::__cxx11::string, int, int, bool)[m[Kâ€™:
[01m[K/home/loren.lyttle/tests/catkin_ws/src/add_pallet/src/remote_add.cpp:31:42:[m[K [01;31m[Kerror: [m[Kâ€˜[01m[KM[m[Kâ€™ was not declared in this scope
     std::string result = std::accumulate([01;31m[KM[m[K.begin(),M.end(),std::string(),[delimiter](const std::string& s, const std::pair<const std::string, double>& p)
                                          [01;31m[K^[m[K
[01m[K/home/loren.lyttle/tests/catkin_ws/src/add_pallet/src/remote_add.cpp:41:25:[m[K [01;31m[Kerror: [m[Kâ€˜[01m[Kstring_param[m[Kâ€™ was not declared in this scope
     conf.strs.push_back([01;31m[Kstring_param[m[K);
                         [01;31m[K^~~~~~~~~~~~[m[K
[01m[K/home/loren.lyttle/tests/catkin_ws/src/add_pallet/src/remote_add.cpp:41:25:[m[K [01;36m[Knote: [m[Ksuggested alternative: â€˜[01m[Ksched_param[m[Kâ€™
     conf.strs.push_back([01;36m[Kstring_param[m[K);
                         [01;36m[K^~~~~~~~~~~~[m[K
                         [32m[Ksched_param[m[K
make[2]: *** [CMakeFiles/remote_add.dir/src/remote_add.cpp.o] Error 1
make[1]: *** [CMakeFiles/remote_add.dir/all] Error 2
make: *** [all] Error 2
