[01m[K/home/loren.lyttle/tests/catkin_ws/src/add_pallet/src/pallet_library.cpp:[m[K In constructor â€˜[01m[KPalletPocketDetection::PalletPocketDetection(ros::NodeHandle&)[m[Kâ€™:
[01m[K/home/loren.lyttle/tests/catkin_ws/src/add_pallet/src/pallet_library.cpp:184:9:[m[K [01;31m[Kerror: [m[Kclass â€˜[01m[KPalletPocketDetection[m[Kâ€™ does not have any field named â€˜[01m[Km_node[m[Kâ€™
         [01;31m[Km_node[m[K(n) {
         [01;31m[K^~~~~~[m[K
[01m[K/home/loren.lyttle/tests/catkin_ws/src/add_pallet/src/pallet_library.cpp:185:38:[m[K [01;31m[Kerror: [m[Kâ€˜[01m[Km_node[m[Kâ€™ was not declared in this scope
     palletpointer1->initializeParams([01;31m[Km_node[m[K /* nodeHandle */,
                                      [01;31m[K^~~~~~[m[K
[01m[K/home/loren.lyttle/tests/catkin_ws/src/add_pallet/src/pallet_library.cpp:185:38:[m[K [01;36m[Knote: [m[Ksuggested alternative: â€˜[01m[K__modf[m[Kâ€™
     palletpointer1->initializeParams([01;36m[Km_node[m[K /* nodeHandle */,
                                      [01;36m[K^~~~~~[m[K
                                      [32m[K__modf[m[K
[01m[K/home/loren.lyttle/tests/catkin_ws/src/add_pallet/src/pallet_library.cpp:195:33:[m[K [01;31m[Kerror: [m[Kâ€˜[01m[Km_debugPalletDetection[m[Kâ€™ was not declared in this scope
                                 [01;31m[Km_debugPalletDetection[m[K /* publishClustersCloud */,
                                 [01;31m[K^~~~~~~~~~~~~~~~~~~~~~[m[K
[01m[K/home/loren.lyttle/tests/catkin_ws/src/add_pallet/src/pallet_library.cpp:195:33:[m[K [01;36m[Knote: [m[Ksuggested alternative: â€˜[01m[KPalletPocketDetection[m[Kâ€™
                                 [01;36m[Km_debugPalletDetection[m[K /* publishClustersCloud */,
                                 [01;36m[K^~~~~~~~~~~~~~~~~~~~~~[m[K
                                 [32m[KPalletPocketDetection[m[K
make[2]: *** [CMakeFiles/add_pallet.dir/src/pallet_library.cpp.o] Error 1
make[1]: *** [CMakeFiles/add_pallet.dir/all] Error 2
make: *** [all] Error 2
