In file included from [01m[K/home/loren.lyttle/tests/catkin_ws/src/add_pallet/src/pallet_library.cpp:12:0[m[K:
[01m[K/home/loren.lyttle/tests/catkin_ws/src/add_pallet/include/add_pallet/PalletLibraryNode.h:125:35:[m[K [01;31m[Kerror: [m[Kâ€˜[01m[KDEG2RAD[m[Kâ€™ was not declared in this scope
     double m_maxInterLegYawDiff = [01;31m[KDEG2RAD[m[K(5.0);
                                   [01;31m[K^~~~~~~[m[K
[01m[K/home/loren.lyttle/tests/catkin_ws/src/add_pallet/src/pallet_library.cpp:[m[K In member function â€˜[01m[Kvoid PalletLibraryNode::getFromParams(std::__cxx11::string, T)[m[Kâ€™:
[01m[K/home/loren.lyttle/tests/catkin_ws/src/add_pallet/src/pallet_library.cpp:23:17:[m[K [01;31m[Kerror: [m[Kexpected unqualified-id before â€˜[01m[Knamespace[m[Kâ€™
     std::string [01;31m[Knamespace[m[K;
                 [01;31m[K^~~~~~~~~[m[K
[01m[K/home/loren.lyttle/tests/catkin_ws/src/add_pallet/src/pallet_library.cpp:27:15:[m[K [01;31m[Kerror: [m[Kexpected identifier before â€˜[01m[K=[m[Kâ€™ token
     namespace [01;31m[K=[m[K "persistent/"+type+"/"+typeid(parameter).name()+"s/"+varname;
               [01;31m[K^[m[K
[01m[K/home/loren.lyttle/tests/catkin_ws/src/add_pallet/src/pallet_library.cpp:27:15:[m[K [01;31m[Kerror: [m[Kexpected primary-expression before â€˜[01m[K=[m[Kâ€™ token
[01m[K/home/loren.lyttle/tests/catkin_ws/src/add_pallet/src/pallet_library.cpp:28:37:[m[K [01;31m[Kerror: [m[Kexpected primary-expression before â€˜[01m[Knamespace[m[Kâ€™
     std::cout << "NAMESPACE == " << [01;31m[Knamespace[m[K << std::endl;
                                     [01;31m[K^~~~~~~~~[m[K
make[2]: *** [CMakeFiles/add_pallet.dir/src/pallet_library.cpp.o] Error 1
make[1]: *** [CMakeFiles/add_pallet.dir/all] Error 2
make: *** [all] Error 2
