[ 11%] [34m[1mGenerating dynamic reconfigure files from cfg/dynamic_params.cfg: /home/loren.lyttle/tests/catkin_ws/devel/.private/add_pallet/include/add_pallet/dynamic_paramsConfig.h /home/loren.lyttle/tests/catkin_ws/devel/.private/add_pallet/lib/python2.7/dist-packages/add_pallet/cfg/dynamic_paramsConfig.py[0m
Generating reconfiguration files for dynamic_params in add_pallet
Wrote header file in /home/loren.lyttle/tests/catkin_ws/devel/.private/add_pallet/include/add_pallet/dynamic_paramsConfig.h
[ 11%] Built target add_pallet_gencfg
[35m[1mScanning dependencies of target remote_add[0m
[35m[1mScanning dependencies of target pallet_library[0m
[ 33%] Built target test_subscriber
[ 66%] [32mBuilding CXX object CMakeFiles/remote_add.dir/src/remote_add.cpp.o[0m
[ 66%] Built target load_pallet
[ 77%] [32mBuilding CXX object CMakeFiles/pallet_library.dir/src/pallet_library.cpp.o[0m
[01m[K/home/loren.lyttle/tests/catkin_ws/src/add_pallet/src/remote_add.cpp:[m[K In function â€˜[01m[Kvoid SetParams(std::__cxx11::string, int, int, bool)[m[Kâ€™:
[01m[K/home/loren.lyttle/tests/catkin_ws/src/add_pallet/src/remote_add.cpp:44:5:[m[K [01;31m[Kerror: [m[Kâ€˜[01m[Kname_param[m[Kâ€™ was not declared in this scope
     [01;31m[Kname_param[m[K.name = "AA_dynamic_type_param";
     [01;31m[K^~~~~~~~~~[m[K
[01m[K/home/loren.lyttle/tests/catkin_ws/src/add_pallet/src/remote_add.cpp:44:5:[m[K [01;36m[Knote: [m[Ksuggested alternative: â€˜[01m[Ktype_param[m[Kâ€™
     [01;36m[Kname_param[m[K.name = "AA_dynamic_type_param";
     [01;36m[K^~~~~~~~~~[m[K
     [32m[Ktype_param[m[K
[01m[K/home/loren.lyttle/tests/catkin_ws/src/add_pallet/src/remote_add.cpp:52:5:[m[K [01;31m[Kerror: [m[Kâ€˜[01m[Kb_param[m[Kâ€™ was not declared in this scope
     [01;31m[Kb_param[m[K.name = "AA_dynamic_save_change_param";
     [01;31m[K^~~~~~~[m[K
[01m[K/home/loren.lyttle/tests/catkin_ws/src/add_pallet/src/remote_add.cpp:52:5:[m[K [01;36m[Knote: [m[Ksuggested alternative: â€˜[01m[Ktype_param[m[Kâ€™
     [01;36m[Kb_param[m[K.name = "AA_dynamic_save_change_param";
     [01;36m[K^~~~~~~[m[K
     [32m[Ktype_param[m[K
[01m[K/home/loren.lyttle/tests/catkin_ws/src/add_pallet/src/remote_add.cpp:62:51:[m[K [01;31m[Kerror: [m[Kâ€˜[01m[KD[m[Kâ€™ was not declared in this scope
     bools_string.value = type_map_to_string<bool>([01;31m[KD[m[K);
                                                   [01;31m[K^[m[K
[01m[K/home/loren.lyttle/tests/catkin_ws/src/add_pallet/src/remote_add.cpp:84:53:[m[K [01;31m[Kerror: [m[Kno matching function for call to â€˜[01m[Ktype_map_to_string<double>(std::map<std::__cxx11::basic_string<char>, int>&)[m[Kâ€™
     ints_string.value = type_map_to_string<double>(I[01;31m[K)[m[K;
                                                     [01;31m[K^[m[K
[01m[K/home/loren.lyttle/tests/catkin_ws/src/add_pallet/src/remote_add.cpp:16:8:[m[K [01;36m[Knote: [m[Kcandidate: template<class T> std::__cxx11::string type_map_to_string(std::map<std::__cxx11::basic_string<char>, T>&)
 string [01;36m[Ktype_map_to_string[m[K(map<string,T>  &m)
        [01;36m[K^~~~~~~~~~~~~~~~~~[m[K
[01m[K/home/loren.lyttle/tests/catkin_ws/src/add_pallet/src/remote_add.cpp:16:8:[m[K [01;36m[Knote: [m[K  template argument deduction/substitution failed:
[01m[K/home/loren.lyttle/tests/catkin_ws/src/add_pallet/src/remote_add.cpp:84:53:[m[K [01;36m[Knote: [m[K  cannot convert â€˜[01m[KI[m[Kâ€™ (type â€˜[01m[Kstd::map<std::__cxx11::basic_string<char>, int>[m[Kâ€™) to type â€˜[01m[Kstd::map<std::__cxx11::basic_string<char>, double>&[m[Kâ€™
     ints_string.value = type_map_to_string<double>(I[01;36m[K)[m[K;
                                                     [01;36m[K^[m[K
[01m[K/home/loren.lyttle/tests/catkin_ws/src/add_pallet/src/remote_add.cpp:[m[K In function â€˜[01m[Kint main(int, char**)[m[Kâ€™:
[01m[K/home/loren.lyttle/tests/catkin_ws/src/add_pallet/src/remote_add.cpp:106:19:[m[K [01;31m[Kerror: [m[Ktoo few arguments to function â€˜[01m[Kvoid SetParams(std::__cxx11::string, int, int, bool)[m[Kâ€™
         SetParams([01;31m[K)[m[K;
                   [01;31m[K^[m[K
[01m[K/home/loren.lyttle/tests/catkin_ws/src/add_pallet/src/remote_add.cpp:33:6:[m[K [01;36m[Knote: [m[Kdeclared here
 void [01;36m[KSetParams[m[K(std::string pallet_name, int width, int depth, bool save)
      [01;36m[K^~~~~~~~~[m[K
[01m[K/home/loren.lyttle/tests/catkin_ws/src/add_pallet/src/pallet_library.cpp:[m[K In function â€˜[01m[Kvoid dynamic_callback(add_pallet::dynamic_paramsConfig&, uint32_t)[m[Kâ€™:
[01m[K/home/loren.lyttle/tests/catkin_ws/src/add_pallet/src/pallet_library.cpp:48:17:[m[K [01;31m[Kerror: [m[Kâ€˜[01m[Kclass add_pallet::dynamic_paramsConfig[m[Kâ€™ has no member named â€˜[01m[KAA_dynamic_save_pallet_param[m[Kâ€™; did you mean â€˜[01m[KAA_dynamic_save_change_param[m[Kâ€™?
     if (!config.[01;31m[KAA_dynamic_save_pallet_param[m[K)
                 [01;31m[K^~~~~~~~~~~~~~~~~~~~~~~~~~~~[m[K
                 [32m[KAA_dynamic_save_change_param[m[K
CMakeFiles/remote_add.dir/build.make:62: recipe for target 'CMakeFiles/remote_add.dir/src/remote_add.cpp.o' failed
make[2]: *** [CMakeFiles/remote_add.dir/src/remote_add.cpp.o] Error 1
CMakeFiles/Makefile2:941: recipe for target 'CMakeFiles/remote_add.dir/all' failed
make[1]: *** [CMakeFiles/remote_add.dir/all] Error 2
make[1]: *** Waiting for unfinished jobs....
CMakeFiles/pallet_library.dir/build.make:62: recipe for target 'CMakeFiles/pallet_library.dir/src/pallet_library.cpp.o' failed
make[2]: *** [CMakeFiles/pallet_library.dir/src/pallet_library.cpp.o] Error 1
CMakeFiles/Makefile2:392: recipe for target 'CMakeFiles/pallet_library.dir/all' failed
make[1]: *** [CMakeFiles/pallet_library.dir/all] Error 2
Makefile:140: recipe for target 'all' failed
make: *** [all] Error 2
