CMakeFiles/PalletLibraryNodeMain.dir/src/PalletLibraryNodeMain.cpp.o: In function `main':
PalletLibraryNodeMain.cpp:(.text.startup+0x1ca): undefined reference to `PalletLibraryNode::PalletLibraryNode(ros::NodeHandle&, std::map<std::__cxx11::basic_string<char, std::char_traits<char>, std::allocator<char> >, bool, std::less<std::__cxx11::basic_string<char, std::char_traits<char>, std::allocator<char> > >, std::allocator<std::pair<std::__cxx11::basic_string<char, std::char_traits<char>, std::allocator<char> > const, bool> > >)'
collect2: error: ld returned 1 exit status
make[2]: *** [/home/loren.lyttle/tests/catkin_ws/devel/.private/add_pallet/lib/add_pallet/PalletLibraryNodeMain] Error 1
make[1]: *** [CMakeFiles/PalletLibraryNodeMain.dir/all] Error 2
make[1]: *** Waiting for unfinished jobs....
[01m[K/home/loren.lyttle/tests/catkin_ws/src/add_pallet/src/pallet_library.cpp:[m[K In function â€˜[01m[Kstd::map<std::__cxx11::basic_string<char>, T> string_to_type_map(const string&)[m[Kâ€™:
[01m[K/home/loren.lyttle/tests/catkin_ws/src/add_pallet/src/pallet_library.cpp:44:9:[m[K [01;31m[Kerror: [m[Kâ€˜[01m[Kistringstream[m[Kâ€™ was not declared in this scope
         [01;31m[Kistringstream[m[K iss(s.substr(val_pos, val_end - val_pos));
         [01;31m[K^~~~~~~~~~~~~[m[K
[01m[K/home/loren.lyttle/tests/catkin_ws/src/add_pallet/src/pallet_library.cpp:44:9:[m[K [01;36m[Knote: [m[Ksuggested alternative:
In file included from [01m[K/usr/include/c++/7/memory:72:0[m[K,
                 from [01m[K/home/loren.lyttle/tests/catkin_ws/src/add_pallet/src/pallet_library.cpp:2[m[K:
[01m[K/usr/include/c++/7/iosfwd:150:38:[m[K [01;36m[Knote: [m[K  â€˜[01m[Kstd::istringstream[m[Kâ€™
   typedef basic_istringstream<char>  [01;36m[Kistringstream[m[K;
                                      [01;36m[K^~~~~~~~~~~~~[m[K
[01m[K/home/loren.lyttle/tests/catkin_ws/src/add_pallet/src/pallet_library.cpp:45:9:[m[K [01;31m[Kerror: [m[Kâ€˜[01m[Kiss[m[Kâ€™ was not declared in this scope
         [01;31m[Kiss[m[K >> val;
         [01;31m[K^~~[m[K
make[2]: *** [CMakeFiles/pallet_library.dir/src/pallet_library.cpp.o] Error 1
make[1]: *** [CMakeFiles/pallet_library.dir/all] Error 2
make: *** [all] Error 2
