[ 11%] Built target add_pallet_gencfg
[35m[1mScanning dependencies of target remote_add[0m
[ 66%] Built target test_subscriber
[ 66%] [32mBuilding CXX object CMakeFiles/remote_add.dir/src/remote_add.cpp.o[0m
[ 77%] Built target pallet_library
[ 88%] Built target load_pallet
[01m[K/home/loren.lyttle/tests/catkin_ws/src/add_pallet/src/remote_add.cpp:[m[K In function â€˜[01m[Kvoid SetParams(std::__cxx11::string)[m[Kâ€™:
[01m[K/home/loren.lyttle/tests/catkin_ws/src/add_pallet/src/remote_add.cpp:84:53:[m[K [01;31m[Kerror: [m[Kno matching function for call to â€˜[01m[Ktype_map_to_string<double>(std::map<std::__cxx11::basic_string<char>, int>&)[m[Kâ€™
     ints_string.value = type_map_to_string<double>(I[01;31m[K)[m[K;
                                                     [01;31m[K^[m[K
[01m[K/home/loren.lyttle/tests/catkin_ws/src/add_pallet/src/remote_add.cpp:16:8:[m[K [01;36m[Knote: [m[Kcandidate: template<class T> std::__cxx11::string type_map_to_string(std::map<std::__cxx11::basic_string<char>, T>&)
 string [01;36m[Ktype_map_to_string[m[K(map<string,T>  &m)
        [01;36m[K^~~~~~~~~~~~~~~~~~[m[K
[01m[K/home/loren.lyttle/tests/catkin_ws/src/add_pallet/src/remote_add.cpp:16:8:[m[K [01;36m[Knote: [m[K  template argument deduction/substitution failed:
[01m[K/home/loren.lyttle/tests/catkin_ws/src/add_pallet/src/remote_add.cpp:84:53:[m[K [01;36m[Knote: [m[K  cannot convert â€˜[01m[KI[m[Kâ€™ (type â€˜[01m[Kstd::map<std::__cxx11::basic_string<char>, int>[m[Kâ€™) to type â€˜[01m[Kstd::map<std::__cxx11::basic_string<char>, double>&[m[Kâ€™
     ints_string.value = type_map_to_string<double>(I[01;36m[K)[m[K;
                                                     [01;36m[K^[m[K
CMakeFiles/remote_add.dir/build.make:62: recipe for target 'CMakeFiles/remote_add.dir/src/remote_add.cpp.o' failed
make[2]: *** [CMakeFiles/remote_add.dir/src/remote_add.cpp.o] Error 1
CMakeFiles/Makefile2:941: recipe for target 'CMakeFiles/remote_add.dir/all' failed
make[1]: *** [CMakeFiles/remote_add.dir/all] Error 2
Makefile:140: recipe for target 'all' failed
make: *** [all] Error 2
