[01m[K/home/loren.lyttle/tests/catkin_ws/src/add_pallet/src/pallet_library.cpp:307:93:[m[K [01;31m[Kerror: [m[Kdeclaration of â€˜[01m[Kvoid PalletPocketDetection::update_specific(T*, std::__cxx11::string, std::__cxx11::string)[m[Kâ€™ outside of class is not definition [[01;31m[K-fpermissive[m[K]
 void PalletPocketDetection::update_specific(T* pointer, std::string name, std::string prefix[01;31m[K)[m[K;
                                                                                             [01;31m[K^[m[K
[01m[K/home/loren.lyttle/tests/catkin_ws/src/add_pallet/src/pallet_library.cpp:308:1:[m[K [01;31m[Kerror: [m[Kexpected unqualified-id before â€˜[01m[K{[m[Kâ€™ token
 [01;31m[K{[m[K
 [01;31m[K^[m[K
[01m[K/home/loren.lyttle/tests/catkin_ws/src/add_pallet/src/pallet_library.cpp:[m[K In member function â€˜[01m[Kvoid PalletPocketDetection::PalletThreeLegFrontFaceDetectionInfo::updateParams(ros::NodeHandle&)[m[Kâ€™:
[01m[K/home/loren.lyttle/tests/catkin_ws/src/add_pallet/src/pallet_library.cpp:331:5:[m[K [01;31m[Kerror: [m[Kâ€˜[01m[KUpdateSpecific[m[Kâ€™ was not declared in this scope
     [01;31m[KUpdateSpecific[m[K<bool>(m_parameterPrefix, m_isDetectorEnabled);
     [01;31m[K^~~~~~~~~~~~~~[m[K
[01m[K/home/loren.lyttle/tests/catkin_ws/src/add_pallet/src/pallet_library.cpp:331:5:[m[K [01;36m[Knote: [m[Ksuggested alternative: â€˜[01m[Kupdate_specific[m[Kâ€™
     [01;36m[KUpdateSpecific[m[K<bool>(m_parameterPrefix, m_isDetectorEnabled);
     [01;36m[K^~~~~~~~~~~~~~[m[K
     [32m[Kupdate_specific[m[K
[01m[K/home/loren.lyttle/tests/catkin_ws/src/add_pallet/src/pallet_library.cpp:331:20:[m[K [01;31m[Kerror: [m[Kexpected primary-expression before â€˜[01m[Kbool[m[Kâ€™
     UpdateSpecific<[01;31m[Kbool[m[K>(m_parameterPrefix, m_isDetectorEnabled);
                    [01;31m[K^~~~[m[K
make[2]: *** [CMakeFiles/add_pallet.dir/src/pallet_library.cpp.o] Error 1
make[1]: *** [CMakeFiles/add_pallet.dir/all] Error 2
make: *** [all] Error 2
