[01m[K/home/loren.lyttle/tests/catkin_ws/src/add_pallet/src/pallet_library.cpp:[m[K In constructor â€˜[01m[KPalletPocketDetection::PalletThreeLegSideFaceDetectionInfo::PalletThreeLegSideFaceDetectionInfo(std::__cxx11::string)[m[Kâ€™:
[01m[K/home/loren.lyttle/tests/catkin_ws/src/add_pallet/src/pallet_library.cpp:333:9:[m[K [01;31m[Kerror: [m[Kclass â€˜[01m[KPalletPocketDetection::PalletThreeLegSideFaceDetectionInfo[m[Kâ€™ does not have any field named â€˜[01m[Km_prefix[m[Kâ€™
         [01;31m[Km_prefix[m[K("/PalletLibraryNodeMain/persistent/"+m_palletType) {
         [01;31m[K^~~~~~~~[m[K
[01m[K/home/loren.lyttle/tests/catkin_ws/src/add_pallet/src/pallet_library.cpp:[m[K At global scope:
[01m[K/home/loren.lyttle/tests/catkin_ws/src/add_pallet/src/pallet_library.cpp:339:98:[m[K [01;31m[Kerror: [m[Kdefinition of implicitly-declared â€˜[01m[KPalletPocketDetection::PalletThreeLegSideFaceDetectionInfo::~PalletThreeLegSideFaceDetectionInfo()[m[Kâ€™
 PalletPocketDetection::PalletThreeLegSideFaceDetectionInfo::~PalletThreeLegSideFaceDetectionInfo([01;31m[K)[m[K
                                                                                                  [01;31m[K^[m[K
[01m[K/home/loren.lyttle/tests/catkin_ws/src/add_pallet/src/pallet_library.cpp:[m[K In member function â€˜[01m[Kvoid PalletPocketDetection::PalletThreeLegSideFaceDetectionInfo::updateParams()[m[Kâ€™:
[01m[K/home/loren.lyttle/tests/catkin_ws/src/add_pallet/src/pallet_library.cpp:348:23:[m[K [01;31m[Kerror: [m[Kâ€˜[01m[Kprefix[m[Kâ€™ was not declared in this scope
     ros::param::param([01;31m[Kprefix[m[K + "bools/isDetectorEnabled",
                       [01;31m[K^~~~~~[m[K
[01m[K/home/loren.lyttle/tests/catkin_ws/src/add_pallet/src/pallet_library.cpp:348:23:[m[K [01;36m[Knote: [m[Ksuggested alternative: â€˜[01m[Kprofil[m[Kâ€™
     ros::param::param([01;36m[Kprefix[m[K + "bools/isDetectorEnabled",
                       [01;36m[K^~~~~~[m[K
                       [32m[Kprofil[m[K
make[2]: *** [CMakeFiles/add_pallet.dir/src/pallet_library.cpp.o] Error 1
make[1]: *** [CMakeFiles/add_pallet.dir/all] Error 2
make: *** [all] Error 2
