[01m[K/home/loren.lyttle/tests/catkin_ws/src/add_pallet/src/pallet_library.cpp:[m[K In member function â€˜[01m[Kvoid PalletLibraryNode::load_pallet(std::__cxx11::string)[m[Kâ€™:
[01m[K/home/loren.lyttle/tests/catkin_ws/src/add_pallet/src/pallet_library.cpp:126:17:[m[K [01;31m[Kerror: [m[Kâ€˜[01m[Kname[m[Kâ€™ was not declared in this scope
                 [01;31m[Kname[m[K,
                 [01;31m[K^~~~[m[K
[01m[K/home/loren.lyttle/tests/catkin_ws/src/add_pallet/src/pallet_library.cpp:126:17:[m[K [01;36m[Knote: [m[Ksuggested alternative: â€˜[01m[Knanq[m[Kâ€™
                 [01;36m[Kname[m[K,
                 [01;36m[K^~~~[m[K
                 [32m[Knanq[m[K
make[2]: *** [CMakeFiles/add_pallet.dir/src/pallet_library.cpp.o] Error 1
make[1]: *** [CMakeFiles/add_pallet.dir/all] Error 2
make: *** [all] Error 2
