[01m[K/home/loren.lyttle/tests/catkin_ws/src/add_pallet/src/pallet_library.cpp:[m[K In function â€˜[01m[Kvoid dynamic_callback(add_pallet::dynamic_paramsConfig&, uint32_t)[m[Kâ€™:
[01m[K/home/loren.lyttle/tests/catkin_ws/src/add_pallet/src/pallet_library.cpp:24:83:[m[K [01;31m[Kerror: [m[Krequest for member â€˜[01m[Kc_str[m[Kâ€™ in â€˜[01m[Kconfig.add_pallet::dynamic_paramsConfig::groups.add_pallet::dynamic_paramsConfig::DEFAULT::doubles_group.add_pallet::dynamic_paramsConfig::DEFAULT::DOUBLES_GROUP::AA_max_width_param[m[Kâ€™, which is of non-class type â€˜[01m[Kdouble[m[Kâ€™
     std::cout << "TEST PARAM: " << config.groups.doubles_group.AA_max_width_param.[01;31m[Kc_str[m[K() << std::endl;
                                                                                   [01;31m[K^~~~~[m[K
make[2]: *** [CMakeFiles/pallet_library.dir/src/pallet_library.cpp.o] Error 1
make[1]: *** [CMakeFiles/pallet_library.dir/all] Error 2
make: *** [all] Error 2
