[01m[K/home/loren.lyttle/tests/catkin_ws/src/add_pallet/src/remote_add.cpp:[m[K In function â€˜[01m[Kint main(int, char**)[m[Kâ€™:
[01m[K/home/loren.lyttle/tests/catkin_ws/src/add_pallet/src/remote_add.cpp:39:25:[m[K [01;31m[Kerror: [m[Kâ€˜[01m[Kint_param[m[Kâ€™ was not declared in this scope
     conf.ints.push_back([01;31m[Kint_param[m[K);
                         [01;31m[K^~~~~~~~~[m[K
[01m[K/home/loren.lyttle/tests/catkin_ws/src/add_pallet/src/remote_add.cpp:39:25:[m[K [01;36m[Knote: [m[Ksuggested alternative: â€˜[01m[Kd_param[m[Kâ€™
     conf.ints.push_back([01;36m[Kint_param[m[K);
                         [01;36m[K^~~~~~~~~[m[K
                         [32m[Kd_param[m[K
make[2]: *** [CMakeFiles/remote_add.dir/src/remote_add.cpp.o] Error 1
make[1]: *** [CMakeFiles/remote_add.dir/all] Error 2
make: *** [all] Error 2
