[01m[K/home/loren.lyttle/tests/catkin_ws/src/add_pallet/src/remote_add.cpp:[m[K In function â€˜[01m[Kint main(int, char**)[m[Kâ€™:
[01m[K/home/loren.lyttle/tests/catkin_ws/src/add_pallet/src/remote_add.cpp:25:9:[m[K [01;31m[Kerror: [m[Kâ€˜[01m[KFltParameter[m[Kâ€™ was not declared in this scope
         [01;31m[KFltParameter[m[K w_param, d_param;
         [01;31m[K^~~~~~~~~~~~[m[K
[01m[K/home/loren.lyttle/tests/catkin_ws/src/add_pallet/src/remote_add.cpp:54:9:[m[K [01;31m[Kerror: [m[Kâ€˜[01m[Kw_param[m[Kâ€™ was not declared in this scope
         [01;31m[Kw_param[m[K.name = "AA_max_width_param";
         [01;31m[K^~~~~~~[m[K
[01m[K/home/loren.lyttle/tests/catkin_ws/src/add_pallet/src/remote_add.cpp:56:14:[m[K [01;31m[Kerror: [m[Kâ€˜[01m[Kdynamic_reconfigure::Config {aka struct dynamic_reconfigure::Config_<std::allocator<void> >}[m[Kâ€™ has no member named â€˜[01m[Kfloats[m[Kâ€™
         conf.[01;31m[Kfloats[m[K.push_back(w_param);
              [01;31m[K^~~~~~[m[K
[01m[K/home/loren.lyttle/tests/catkin_ws/src/add_pallet/src/remote_add.cpp:59:9:[m[K [01;31m[Kerror: [m[Kâ€˜[01m[Kd_param[m[Kâ€™ was not declared in this scope
         [01;31m[Kd_param[m[K.name = "AA_max_depth_param";
         [01;31m[K^~~~~~~[m[K
[01m[K/home/loren.lyttle/tests/catkin_ws/src/add_pallet/src/remote_add.cpp:61:14:[m[K [01;31m[Kerror: [m[Kâ€˜[01m[Kdynamic_reconfigure::Config {aka struct dynamic_reconfigure::Config_<std::allocator<void> >}[m[Kâ€™ has no member named â€˜[01m[Kfloats[m[Kâ€™
         conf.[01;31m[Kfloats[m[K.push_back(d_param);
              [01;31m[K^~~~~~[m[K
make[2]: *** [CMakeFiles/remote_add.dir/src/remote_add.cpp.o] Error 1
make[1]: *** [CMakeFiles/remote_add.dir/all] Error 2
make: *** [all] Error 2
