CMakeFiles/remote_add.dir/src/remote_add.cpp.o: In function `boost::system::error_category::std_category::equivalent(std::error_code const&, int) const':
remote_add.cpp:(.text._ZNK5boost6system14error_category12std_category10equivalentERKSt10error_codei[_ZNK5boost6system14error_category12std_category10equivalentERKSt10error_codei]+0x40): undefined reference to `boost::system::generic_category()'
remote_add.cpp:(.text._ZNK5boost6system14error_category12std_category10equivalentERKSt10error_codei[_ZNK5boost6system14error_category12std_category10equivalentERKSt10error_codei]+0xb9): undefined reference to `boost::system::generic_category()'
remote_add.cpp:(.text._ZNK5boost6system14error_category12std_category10equivalentERKSt10error_codei[_ZNK5boost6system14error_category12std_category10equivalentERKSt10error_codei]+0x111): undefined reference to `boost::system::generic_category()'
CMakeFiles/remote_add.dir/src/remote_add.cpp.o: In function `boost::system::error_category::std_category::equivalent(int, std::error_condition const&) const':
remote_add.cpp:(.text._ZNK5boost6system14error_category12std_category10equivalentEiRKSt15error_condition[_ZNK5boost6system14error_category12std_category10equivalentEiRKSt15error_condition]+0x3f): undefined reference to `boost::system::generic_category()'
remote_add.cpp:(.text._ZNK5boost6system14error_category12std_category10equivalentEiRKSt15error_condition[_ZNK5boost6system14error_category12std_category10equivalentEiRKSt15error_condition]+0xd1): undefined reference to `boost::system::generic_category()'
CMakeFiles/remote_add.dir/src/remote_add.cpp.o: In function `main':
remote_add.cpp:(.text.startup+0x81): undefined reference to `ros::init(int&, char**, std::__cxx11::basic_string<char, std::char_traits<char>, std::allocator<char> > const&, unsigned int)'
CMakeFiles/remote_add.dir/src/remote_add.cpp.o: In function `_GLOBAL__sub_I_main':
remote_add.cpp:(.text.startup+0x65b): undefined reference to `boost::system::generic_category()'
remote_add.cpp:(.text.startup+0x660): undefined reference to `boost::system::generic_category()'
remote_add.cpp:(.text.startup+0x669): undefined reference to `boost::system::system_category()'
collect2: error: ld returned 1 exit status
make[2]: *** [/home/loren.lyttle/tests/catkin_ws/devel/.private/add_pallet/lib/add_pallet/remote_add] Error 1
make[1]: *** [CMakeFiles/remote_add.dir/all] Error 2
make: *** [all] Error 2
