[01m[K/home/loren.lyttle/tests/catkin_ws/src/add_pallet/src/remote_add.cpp:[m[K In function â€˜[01m[Kint main(int, char**)[m[Kâ€™:
[01m[K/home/loren.lyttle/tests/catkin_ws/src/add_pallet/src/remote_add.cpp:28:14:[m[K [01;31m[Kerror: [m[Kâ€˜[01m[Kclass ros::Rate[m[Kâ€™ has no member named â€˜[01m[KDelay[m[Kâ€™
         rate.[01;31m[KDelay[m[K(1).sleep(); // Wait for other node to initialize and print its statements
              [01;31m[K^~~~~[m[K
make[2]: *** [CMakeFiles/remote_add.dir/src/remote_add.cpp.o] Error 1
make[1]: *** [CMakeFiles/remote_add.dir/all] Error 2
make: *** [all] Error 2
