[01m[K/home/loren.lyttle/tests/catkin_ws/src/add_pallet/src/remote_add.cpp:[m[K In function â€˜[01m[Kint main(int, char**)[m[Kâ€™:
[01m[K/home/loren.lyttle/tests/catkin_ws/src/add_pallet/src/remote_add.cpp:32:9:[m[K [01;31m[Kerror: [m[Kâ€˜[01m[Kpallet_name[m[Kâ€™ was not declared in this scope
         [01;31m[Kpallet_name[m[K = "hello pallet!!"
         [01;31m[K^~~~~~~~~~~[m[K
[01m[K/home/loren.lyttle/tests/catkin_ws/src/add_pallet/src/remote_add.cpp:32:9:[m[K [01;36m[Knote: [m[Ksuggested alternative: â€˜[01m[Kbasename[m[Kâ€™
         [01;36m[Kpallet_name[m[K = "hello pallet!!"
         [01;36m[K^~~~~~~~~~~[m[K
         [32m[Kbasename[m[K
[01m[K/home/loren.lyttle/tests/catkin_ws/src/add_pallet/src/remote_add.cpp:37:15:[m[K [01;35m[Kwarning: [m[Kignoring return value of â€˜[01m[Kint system(const char*)[m[Kâ€™, declared with attribute warn_unused_result [[01;35m[K-Wunused-result[m[K]
         [01;35m[Ksystem("echo 'ROS Params dumped at : ' $(pwd); rosparam dump dynamic_params.yaml /pallet_library_node/")[m[K;
         [01;35m[K~~~~~~^~~~~~~~~~~~~~~~~~~~~~~~~~~~~~~~~~~~~~~~~~~~~~~~~~~~~~~~~~~~~~~~~~~~~~~~~~~~~~~~~~~~~~~~~~~~~~~~~~[m[K
make[2]: *** [CMakeFiles/remote_add.dir/src/remote_add.cpp.o] Error 1
make[1]: *** [CMakeFiles/remote_add.dir/all] Error 2
make: *** [all] Error 2
