In file included from [01m[K/home/loren.lyttle/tests/catkin_ws/src/add_pallet/src/pallet_library.cpp:15:0[m[K:
[01m[K/home/loren.lyttle/tests/catkin_ws/src/add_pallet/include/add_pallet/PalletLibraryNode.h:196:33:[m[K [01;31m[Kerror: [m[Kâ€˜[01m[Kobstacle_analysis[m[Kâ€™ was not declared in this scope
     dynamic_reconfigure::Server<[01;31m[Kobstacle_analysis[m[K::FeatureDetectorConfig> m_server;
                                 [01;31m[K^~~~~~~~~~~~~~~~~[m[K
[01m[K/home/loren.lyttle/tests/catkin_ws/src/add_pallet/include/add_pallet/PalletLibraryNode.h:196:73:[m[K [01;31m[Kerror: [m[Ktemplate argument 1 is invalid
     dynamic_reconfigure::Server<obstacle_analysis::FeatureDetectorConfig[01;31m[K>[m[K m_server;
                                                                         [01;31m[K^[m[K
[01m[K/home/loren.lyttle/tests/catkin_ws/src/add_pallet/src/pallet_library.cpp:[m[K In constructor â€˜[01m[KPalletLibraryNode::PalletLibraryNode(ros::NodeHandle&, std::map<std::__cxx11::basic_string<char>, bool>)[m[Kâ€™:
[01m[K/home/loren.lyttle/tests/catkin_ws/src/add_pallet/src/pallet_library.cpp:94:14:[m[K [01;31m[Kerror: [m[Krequest for member â€˜[01m[KsetCallback[m[Kâ€™ in â€˜[01m[K((PalletLibraryNode*)this)->PalletLibraryNode::m_server[m[Kâ€™, which is of non-class type â€˜[01m[Kint[m[Kâ€™
     m_server.[01;31m[KsetCallback[m[K(f);
              [01;31m[K^~~~~~~~~~~[m[K
make[2]: *** [CMakeFiles/add_pallet.dir/src/pallet_library.cpp.o] Error 1
make[1]: *** [CMakeFiles/add_pallet.dir/all] Error 2
make: *** [all] Error 2
