[01m[K/home/loren.lyttle/tests/catkin_ws/src/add_pallet/src/pallet_library.cpp:17:70:[m[K [01;31m[Kerror: [m[Kstray â€˜[01m[K#[m[Kâ€™ in program
     namespace = "persistent/"+type+"/"+typeid(parameter).name()+"s/"+[01;31m[K#[m[Kparameter;
                                                                      [01;31m[K^[m[K
In file included from [01m[K/home/loren.lyttle/tests/catkin_ws/src/add_pallet/src/pallet_library.cpp:12:0[m[K:
[01m[K/home/loren.lyttle/tests/catkin_ws/src/add_pallet/include/add_pallet/PalletLibraryNode.h:46:42:[m[K [01;31m[Kerror: [m[Kâ€˜[01m[KT[m[Kâ€™ has not been declared
     void getFromParams(std::string type, [01;31m[KT[m[K parameter);
                                          [01;31m[K^[m[K
[01m[K/home/loren.lyttle/tests/catkin_ws/src/add_pallet/src/pallet_library.cpp:15:6:[m[K [01;31m[Kerror: [m[Kprototype for â€˜[01m[Kvoid PalletLibraryNode::getFromParams(std::__cxx11::string, T)[m[Kâ€™ does not match any in class â€˜[01m[KPalletLibraryNode[m[Kâ€™
 void [01;31m[KPalletLibraryNode[m[K::getFromParams(std::string type, T parameter)
      [01;31m[K^~~~~~~~~~~~~~~~~[m[K
In file included from [01m[K/home/loren.lyttle/tests/catkin_ws/src/add_pallet/src/pallet_library.cpp:12:0[m[K:
[01m[K/home/loren.lyttle/tests/catkin_ws/src/add_pallet/include/add_pallet/PalletLibraryNode.h:46:10:[m[K [01;31m[Kerror: [m[Kcandidate is: void PalletLibraryNode::getFromParams(std::__cxx11::string, int)
     void [01;31m[KgetFromParams[m[K(std::string type, T parameter);
          [01;31m[K^~~~~~~~~~~~~[m[K
make[2]: *** [CMakeFiles/add_pallet.dir/src/pallet_library.cpp.o] Error 1
make[1]: *** [CMakeFiles/add_pallet.dir/all] Error 2
make: *** [all] Error 2
